{
  "RSpec": {
    "coverage": {
      "/home/ruby3/app/models/user.rb": {
        "lines": [
          1,
          null,
          1,
          1,
          null,
          null,
          null,
          null,
          1,
          null,
          1,
          null,
          1,
          8,
          8,
          8,
          null,
          null,
          null,
          null,
          null
        ]
      },
      "/home/ruby3/app/models/application_record.rb": {
        "lines": [
          1,
          1,
          null
        ]
      },
      "/home/ruby3/app/models/address.rb": {
        "lines": [
          1,
          1,
          null,
          1,
          null
        ]
      },
      "/home/ruby3/app/controllers/api/v1/registrations_controller.rb": {
        "lines": [
          1,
          1,
          null,
          1,
          2,
          1,
          null,
          1,
          null,
          null,
          null,
          1,
          1,
          null,
          null,
          1,
          3,
          null,
          2,
          2,
          null,
          null,
          1,
          3,
          null,
          null
        ]
      },
      "/home/ruby3/app/controllers/application_controller.rb": {
        "lines": [
          1,
          null,
          2,
          null,
          1,
          1,
          null,
          null,
          1,
          1,
          null,
          null,
          null
        ]
      },
      "/home/ruby3/app/controllers/api/v1/sessions_controller.rb": {
        "lines": [
          1,
          1,
          null
        ]
      },
      "/home/ruby3/app/controllers/api/v1/users_controller.rb": {
        "lines": [
          1,
          1,
          null,
          1,
          1,
          null,
          null,
          null
        ]
      },
      "/home/ruby3/app/controllers/api/v1/zipcodes_controller.rb": {
        "lines": [
          1,
          1,
          null,
          1,
          5,
          5,
          4,
          4,
          null,
          4,
          null,
          1,
          null,
          null,
          null,
          1,
          1,
          5,
          null,
          null,
          null
        ]
      },
      "/home/ruby3/app/services/request_service.rb": {
        "lines": [
          1,
          1,
          null,
          1,
          1,
          4,
          4,
          4,
          3,
          3,
          3,
          3,
          3,
          null,
          null,
          null,
          1,
          4,
          1,
          null,
          null,
          3,
          1,
          1,
          2,
          null,
          1,
          null,
          1,
          null,
          null,
          null,
          null,
          1,
          null,
          1,
          1,
          null,
          1,
          null,
          null,
          null,
          null,
          null,
          null,
          null,
          null
        ]
      },
      "/home/ruby3/app/services/addresses_service.rb": {
        "lines": [
          1,
          1,
          1,
          1,
          null,
          null,
          null,
          1,
          1,
          1,
          1,
          null,
          null,
          null,
          null,
          null,
          null,
          null,
          1,
          null,
          null,
          null
        ]
      }
    },
    "timestamp": 1613406518
  }
}
